2018-11-03 10:50:39,597 DEBUG:Fetching threads from https://en.forums.wordpress.com/forum/support/ ...
2018-11-03 10:50:40,474 DEBUG:Thread title: Best Practices & Community Standards
2018-11-03 10:50:40,474 DEBUG:Thread title: Forums and Support in Other Languages (not English)
2018-11-03 10:50:40,474 DEBUG:Thread title: Domain Name Expired
2018-11-03 10:50:40,474 DEBUG:Thread title: coding on unpublished pages.
2018-11-03 10:50:40,475 DEBUG:Thread title: PLEASE HELP WITH REFUND
2018-11-03 10:50:40,475 DEBUG:Thread title: Editing Old Post titles without changing URL
2018-11-03 10:50:40,475 DEBUG:Thread title: electrical
2018-11-03 10:50:40,475 DEBUG:Thread title: How can I add document in my site?
2018-11-03 10:50:40,475 DEBUG:Thread title: Unable to remove year and month from url
2018-11-03 10:50:40,475 DEBUG:Thread title: Recovering a blog url
2018-11-03 10:50:40,475 DEBUG:Thread title: RSS feed button
2018-11-03 10:50:40,475 DEBUG:Thread title: what is the URL referring to for webhook?
2018-11-03 10:50:40,475 DEBUG:Thread title: I think Activating Gutenburg caused Flickr linked images to break?
2018-11-03 10:50:40,476 DEBUG:Thread title: COMPLAIN
2018-11-03 10:50:40,476 DEBUG:Thread title: locked out account – codes wont work
2018-11-03 10:50:40,476 DEBUG:Thread title: Alias email
2018-11-03 10:50:40,476 DEBUG:Thread title: Import Issue from Tumblr
2018-11-03 10:50:40,476 DEBUG:Thread title: How to add or, remove products using single button from Yith Woocommerce Plugin
2018-11-03 10:50:40,476 DEBUG:Thread title: website lock maintenance problem
2018-11-03 10:50:40,476 DEBUG:Thread title: related to a website
2018-11-03 10:50:40,476 DEBUG:Thread title: Tried lots to locate my site, but can't find it
2018-11-03 10:50:40,476 DEBUG:Thread title: Purchase
2018-11-03 10:54:16,383 - DEBUG - Fetching threads from https://en.forums.wordpress.com/forum/support/ ...
2018-11-03 10:54:17,257 - DEBUG - Thread title: Best Practices & Community Standards
2018-11-03 10:54:17,258 - DEBUG - Not a Korean title.
2018-11-03 10:54:17,258 - DEBUG - Thread title: Forums and Support in Other Languages (not English)
2018-11-03 10:54:17,258 - DEBUG - Not a Korean title.
2018-11-03 10:54:17,258 - DEBUG - Thread title: Domain Name Expired
2018-11-03 10:54:17,258 - DEBUG - Not a Korean title.
2018-11-03 10:54:17,258 - DEBUG - Thread title: coding on unpublished pages.
2018-11-03 10:54:17,258 - DEBUG - Not a Korean title.
2018-11-03 10:54:17,258 - DEBUG - Thread title: PLEASE HELP WITH REFUND
2018-11-03 10:54:17,258 - DEBUG - Not a Korean title.
2018-11-03 10:54:17,258 - DEBUG - Thread title: Editing Old Post titles without changing URL
2018-11-03 10:54:17,258 - DEBUG - Not a Korean title.
2018-11-03 10:54:17,258 - DEBUG - Thread title: electrical
2018-11-03 10:54:17,258 - DEBUG - Not a Korean title.
2018-11-03 10:54:17,259 - DEBUG - Thread title: How can I add document in my site?
2018-11-03 10:54:17,259 - DEBUG - Not a Korean title.
2018-11-03 10:54:17,259 - DEBUG - Thread title: Unable to remove year and month from url
2018-11-03 10:54:17,259 - DEBUG - Not a Korean title.
2018-11-03 10:54:17,259 - DEBUG - Thread title: Recovering a blog url
2018-11-03 10:54:17,259 - DEBUG - Not a Korean title.
2018-11-03 10:54:17,259 - DEBUG - Thread title: RSS feed button
2018-11-03 10:54:17,259 - DEBUG - Not a Korean title.
2018-11-03 10:54:17,259 - DEBUG - Thread title: what is the URL referring to for webhook?
2018-11-03 10:54:17,259 - DEBUG - Not a Korean title.
2018-11-03 10:54:17,260 - DEBUG - Thread title: I think Activating Gutenburg caused Flickr linked images to break?
2018-11-03 10:54:17,260 - DEBUG - Not a Korean title.
2018-11-03 10:54:17,260 - DEBUG - Thread title: COMPLAIN
2018-11-03 10:54:17,260 - DEBUG - Not a Korean title.
2018-11-03 10:54:17,260 - DEBUG - Thread title: locked out account – codes wont work
2018-11-03 10:54:17,260 - DEBUG - Not a Korean title.
2018-11-03 10:54:17,260 - DEBUG - Thread title: Alias email
2018-11-03 10:54:17,260 - DEBUG - Not a Korean title.
2018-11-03 10:54:17,260 - DEBUG - Thread title: Import Issue from Tumblr
2018-11-03 10:54:17,260 - DEBUG - Not a Korean title.
2018-11-03 10:54:17,260 - DEBUG - Thread title: How to add or, remove products using single button from Yith Woocommerce Plugin
2018-11-03 10:54:17,260 - DEBUG - Not a Korean title.
2018-11-03 10:54:17,261 - DEBUG - Thread title: website lock maintenance problem
2018-11-03 10:54:17,261 - DEBUG - Not a Korean title.
2018-11-03 10:54:17,261 - DEBUG - Thread title: related to a website
2018-11-03 10:54:17,261 - DEBUG - Not a Korean title.
2018-11-03 10:54:17,261 - DEBUG - Thread title: Tried lots to locate my site, but can't find it
2018-11-03 10:54:17,261 - DEBUG - Not a Korean title.
2018-11-03 10:54:17,261 - DEBUG - Thread title: Purchase
2018-11-03 10:54:17,261 - DEBUG - Not a Korean title.
